CRSMEX001 16.68 -100.445 5.0 4.0 2
CRSMEX002 16.73 -99.770 10.0 3.6 2
CRSMEX003 16.82 -100.138 7.6 3.6 4
CRSMEX004 17.00 -100.145 8.0 3.4 2
CRSMEX005 15.94 -99.065 18.0 4.2 2
CRSMEX006 16.78 -99.925 15.8 3.3 3
CRSMEX007 15.55 -97.410 16.5 3.9 4
CRSMEX008 15.93 -98.880 15.6 4.3 2
CRSMEX009 16.41 -99.575 13.5 3.9 2
CRSMEX010 15.47 -96.530 12.5 4.3 2
CRSMEX011 16.80 -100.230 8.0 3.4 2
CRSMEX012 16.25 -98.290 6.1 3.8 8
CRSMEX013 16.12 -98.737 9.4 4.1 5
CRSMEX014 17.48 -101.360 26.5 3.7 2
CRSMEX015 16.33 -98.190 9.8 3.7 4
CRSMEX016 16.82 -100.270 6.0 4.0 2
CRSMEX017 16.03 -97.689 18.9 3.8 6
CRSMEX018 16.55 -100.465 10.2 3.8 6
CRSMEX019 15.82 -98.255 26.6 4.2 2
CRSMEX020 16.01 -98.435 12.0 3.9 2
CRSMEX021 15.99 -98.638 12.7 4.0 12
CRSMEX022 15.97 -98.603 14.3 3.8 3
CRSMEX023 16.02 -98.240 3.0 4.2 2
CRSMEX024 17.20 -101.434 11.0 3.8 6
CRSMEX025 15.99 -97.730 18.5 3.8 2
CRSMEX026 16.00 -98.890 17.5 3.8 3
CRSMEX027 15.43 -96.530 22.0 3.8 2
CRSMEX028 16.87 -100.323 4.5 3.5 4
CRSMEX029 16.87 -100.312 6.6 3.6 4
CRSMEX030 15.96 -97.605 17.0 4.0 2
CRSMEX031 16.89 -100.255 7.5 3.8 2
CRSMEX032 16.89 -100.255 7.5 3.8 4
CRSMEX033 15.99 -97.680 15.8 3.7 2
CRSMEX034 16.61 -100.490 4.0 3.7 2
CRSMEX035 15.98 -97.175 21.5 3.9 2
CRSMEX036 16.16 -99.020 17.7 3.9 2
CRSMEX037 15.97 -98.090 11.8 3.6 4
CRSMEX038 16.25 -98.055 5.5 4.0 2
CRSMEX039 16.88 -100.220 7.5 3.6 2
CRSMEX040 16.00 -97.705 18.0 4.0 2
CRSMEX041 16.09 -98.265 6.1 3.8 10
CRSMEX042 16.09 -98.265 6.1 3.8 2
CRSMEX043 15.98 -98.650 12.1 3.8 3
CRSMEX044 15.92 -98.640 19.4 3.8 2
CRSMEX045 15.93 -98.709 18.2 3.9 4
CRSMEX046 15.99 -98.660 16.1 3.9 2
CRSMEX047 16.02 -98.648 10.8 3.9 9
CRSMEX048 16.02 -98.617 10.9 3.8 3
CRSMEX049 15.96 -98.300 3.0 3.8 2
CRSMEX050 15.95 -98.619 13.0 4.1 3
CRSMEX051 15.79 -98.630 9.5 4.0 2
CRSMEX052 17.00 -100.490 6.5 4.0 2
CRSMEX053 15.88 -98.291 3.5 4.1 4
CRSMEX054 16.01 -98.417 7.2 3.7 7
CRSMEX055 15.80 -98.600 7.5 3.8 2
CRSMEX056 16.32 -98.231 9.2 3.7 2
CRSMEX057 16.32 -98.231 9.2 3.7 4
CRSMEX058 16.01 -98.453 10.6 3.7 6
CRSMEX059 16.01 -98.453 10.6 3.7 2
CRSMEX060 15.74 -98.795 11.4 4.0 2
CRSMEX061 16.34 -98.475 14.5 3.7 2
CRSMEX062 17.05 -100.495 6.0 3.4 2
CRSMEX063 16.99 -100.498 6.0 4.1 3
CRSMEX064 16.27 -99.385 16.0 4.0 2
CRSMEX065 15.43 -96.805 19.1 4.2 2
CRSMEX066 16.59 -100.431 5.0 3.8 3
CRSMEX067 16.90 -100.490 5.0 3.5 2
CRSMEX068 16.98 -100.500 6.0 3.7 2
CRSMEX069 16.81 -100.120 12.0 3.6 3
CRSMEX070 16.42 -99.130 9.8 4.1 4
CRSMEX071 16.21 -99.500 16.5 4.0 2
CRSMEX072 16.86 -99.395 22.5 4.0 2
CRSMEX073 16.32 -99.597 17.7 3.9 3
CRSMEX074 16.72 -99.715 11.5 3.5 2
CRSMEX075 16.77 -100.060 24.1 3.7 2
CRSMEX076 16.61 -100.515 11.5 3.8 2
CRSMEX077 18.32 -99.395 51.5 3.6 2
CRSMEX078 16.57 -100.355 10.5 4.0 2
CRSMEX079 16.86 -100.120 10.0 3.5 2
CRSMEX080 16.43 -100.020 18.8 4.1 2
CRSMEX081 16.29 -99.035 20.0 3.9 2
CRSMEX082 16.84 -100.136 5.0 3.8 3
CRSMEX083 16.47 -100.317 13.1 3.5 3
CRSMEX084 16.32 -99.654 7.6 3.7 3
CRSMEX085 16.27 -98.256 7.1 3.7 3
CRSMEX086 16.02 -99.265 13.5 3.7 2
CRSMEX087 16.28 -98.103 10.5 4.1 3
CRSMEX088 16.00 -97.608 17.2 3.8 2
CRSMEX089 17.30 -101.440 17.5 3.8 2
CRSMEX090 15.84 -98.414 13.1 3.9 3
CRSMEX091 16.01 -98.384 8.5 3.9 4
CRSMEX092 16.30 -97.920 16.4 3.7 2
CRSMEX093 16.05 -98.140 5.0 4.0 2
CRSMEX094 16.02 -98.285 10.0 4.4 2
CRSMEX095 16.03 -98.396 6.4 3.8 5
CRSMEX096 17.33 -101.295 6.5 3.8 2
CRSMEX097 15.98 -97.565 16.4 3.8 2
CRSMEX098 16.66 -100.527 8.4 4.0 3
CRSMEX099 15.99 -98.840 18.1 4.2 2
CRSMEX100 17.02 -100.220 8.5 3.6 2
CRSMEX101 16.45 -99.775 8.5 4.0 2
CRSMEX102 15.92 -99.315 10.0 4.0 2
CRSMEX103 17.00 -100.550 3.8 3.5 2
CRSMEX104 16.54 -100.560 14.5 3.9 2
CRSMEX105 16.16 -98.310 4.2 3.9 2
CRSMEX106 16.03 -98.742 8.2 3.6 3
CRSMEX107 16.12 -99.193 10.7 3.8 3
CRSMEX108 16.75 -99.920 11.5 3.8 2
CRSMEX109 16.02 -97.580 16.8 3.4 2
CRSMEX110 16.05 -97.615 18.6 3.8 2
CRSMEX111 15.88 -96.990 14.6 3.6 2
CRSMEX112 17.02 -101.468 14.6 3.8 7
CRSMEX113 15.88 -98.292 9.7 3.8 7
CRSMEX114 16.07 -97.735 20.0 3.6 2
CRSMEX115 16.02 -97.700 20.0 3.8 2
CRSMEX116 16.28 -98.245 10.8 3.8 2
CRSMEX117 15.94 -98.130 3.5 4.0 2
CRSMEX118 16.02 -98.180 5.0 3.6 2
CRSMEX119 16.02 -97.670 13.5 3.5 2
CRSMEX120 16.57 -99.285 15.0 3.5 2
CRSMEX121 17.39 -101.700 8.0 3.8 2
CRSMEX122 16.36 -99.587 10.3 3.7 3
CRSMEX123 16.34 -98.190 10.0 3.5 2
CRSMEX124 16.82 -100.180 5.0 3.8 2
CRSMEX125 16.77 -100.125 4.0 3.9 2
CRSMEX126 16.15 -99.675 10.5 3.9 2
CRSMEX127 15.95 -98.697 16.0 3.8 3
CRSMEX128 16.31 -98.244 8.8 3.7 5
CRSMEX129 16.82 -100.220 3.0 3.6 2
CRSMEX130 17.64 -101.575 16.0 3.7 2
CRSMEX131 15.99 -98.135 5.6 4.1 4
CRSMEX132 15.96 -98.575 7.4 3.9 3
CRSMEX133 17.77 -101.490 31.0 3.7 2
CRSMEX134 16.69 -99.680 11.0 3.8 2
CRSMEX135 16.90 -100.080 24.8 3.4 2
CRSMEX136 16.51 -100.388 6.9 3.9 3
CRSMEX137 15.88 -98.560 10.2 3.8 2
CRSMEX138 16.02 -98.535 11.8 3.6 2
CRSMEX139 16.27 -98.098 11.2 3.6 3
CRSMEX140 16.86 -100.270 9.0 3.5 3
CRSMEX141 16.19 -97.735 18.0 3.5 2
CRSMEX142 15.85 -98.430 10.7 3.9 3
CRSMEX143 16.14 -98.365 10.5 3.8 2
CRSMEX144 16.45 -99.121 8.1 4.1 3
CRSMEX145 16.17 -98.700 14.2 3.6 3
CRSMEX146 17.27 -101.245 14.5 3.8 2
CRSMEX147 16.47 -99.543 7.8 3.8 2
CRSMEX148 16.81 -100.147 3.6 3.5 3
CRSMEX149 16.99 -100.520 5.5 3.6 2
CRSMEX150 16.27 -98.120 9.2 3.9 2
CRSMEX151 16.88 -100.290 5.0 3.5 3
CRSMEX152 17.12 -101.165 9.6 4.0 2
CRSMEX153 16.86 -100.175 5.0 3.5 2
CRSMEX154 15.93 -96.905 13.2 3.9 2
CRSMEX155 15.60 -97.382 11.8 3.8 3
CRSMEX156 16.03 -98.949 10.9 3.7 5
CRSMEX157 16.62 -100.565 7.1 4.0 2
CRSMEX158 15.99 -98.625 12.2 4.0 2
CRSMEX159 16.33 -98.265 9.2 4.1 4
CRSMEX160 15.76 -97.375 9.6 4.0 2
CRSMEX161 17.14 -101.125 20.5 4.1 2
CRSMEX162 16.14 -98.762 8.0 4.2 3
CRSMEX163 15.95 -98.960 16.1 4.0 2
CRSMEX164 15.90 -98.260 3.5 4.2 3
CRSMEX165 16.67 -100.965 13.0 4.1 2
CRSMEX166 16.86 -100.225 4.5 3.8 2
CRSMEX167 15.95 -98.210 3.0 4.0 2
CRSMEX168 18.13 -103.335 8.8 3.5 2
CRSMEX169 16.57 -98.475 12.5 3.9 2
CRSMEX170 16.23 -98.050 4.6 3.6 3
CRSMEX171 16.31 -98.106 7.6 3.6 4
CRSMEX172 16.49 -99.070 11.0 3.7 3
CRSMEX173 16.30 -98.034 12.7 3.8 2
CRSMEX174 16.30 -98.034 12.7 3.8 3
CRSMEX175 16.07 -98.605 9.0 4.0 2
CRSMEX176 15.94 -98.811 15.0 3.8 4
CRSMEX177 15.94 -98.811 15.0 3.8 6
CRSMEX178 16.48 -98.457 17.5 3.6 2
CRSMEX179 16.89 -100.373 6.2 3.6 3
CRSMEX180 16.05 -98.432 11.4 3.7 4
CRSMEX181 16.70 -99.547 15.0 3.5 3
CRSMEX182 15.95 -98.100 9.5 4.2 2
CRSMEX183 16.32 -99.165 17.9 3.5 2
CRSMEX184 16.32 -98.255 9.4 3.7 4
CRSMEX185 16.28 -98.090 8.0 3.7 2
CRSMEX186 16.56 -100.385 4.0 3.8 2
CRSMEX187 17.04 -101.520 15.3 4.0 3
CRSMEX188 16.72 -99.470 16.6 3.8 3
CRSMEX189 17.08 -101.455 11.0 3.9 2
CRSMEX190 16.31 -98.260 11.9 3.7 2
CRSMEX191 16.29 -98.225 14.8 3.6 7
CRSMEX192 18.11 -103.350 9.1 3.9 2
CRSMEX193 16.94 -100.920 17.7 3.9 3
CRSMEX194 16.02 -97.679 16.6 3.6 3
CRSMEX195 16.01 -97.685 27.4 3.5 2
CRSMEX196 16.00 -98.105 10.5 3.8 2
CRSMEX197 16.01 -98.860 17.5 3.8 2
CRSMEX198 16.04 -98.910 18.7 3.9 3
CRSMEX199 16.36 -98.310 6.5 3.7 2
CRSMEX200 16.27 -98.275 6.0 3.7 2
CRSMEX201 16.32 -98.280 5.0 3.8 2
CRSMEX202 16.21 -98.435 12.0 4.0 2
CRSMEX203 16.11 -98.505 12.0 3.8 4
CRSMEX204 16.39 -98.225 5.5 3.8 2
CRSMEX205 16.16 -98.498 7.8 3.8 3
CRSMEX206 16.04 -98.668 17.1 4.1 4
CRSMEX207 16.30 -98.260 9.0 3.6 3
CRSMEX208 16.29 -98.630 11.0 3.8 3
CRSMEX209 16.10 -98.470 11.1 4.0 2
CRSMEX210 16.25 -98.265 8.5 3.8 4
CRSMEX211 16.14 -98.450 23.0 4.0 2
CRSMEX212 16.11 -98.466 9.1 3.6 4
CRSMEX213 16.11 -98.466 9.1 3.6 8
CRSMEX214 16.11 -98.466 9.1 3.6 2
CRSMEX215 16.16 -98.780 16.0 3.9 3
CRSMEX216 15.93 -98.325 3.0 3.7 2
CRSMEX217 16.46 -98.535 14.0 3.8 2
CRSMEX218 16.02 -98.280 4.5 4.0 2
CRSMEX219 16.08 -98.637 16.0 4.1 3
CRSMEX220 16.32 -98.025 11.9 3.7 2
CRSMEX221 16.07 -98.633 10.0 3.5 3
CRSMEX222 16.02 -98.528 6.1 4.0 5
CRSMEX223 16.15 -98.524 6.4 3.9 3
CRSMEX224 15.93 -98.845 17.1 3.7 4
CRSMEX225 15.92 -98.840 15.6 3.8 2
CRSMEX226 16.01 -98.392 8.8 3.7 4
CRSMEX227 17.05 -100.285 13.0 3.4 2
CRSMEX228 16.06 -98.462 4.7 3.6 3
CRSMEX229 16.66 -99.750 13.7 3.5 2
CRSMEX230 16.50 -100.480 13.0 3.9 2
CRSMEX231 16.37 -98.262 13.3 4.0 3
CRSMEX232 16.28 -98.270 6.7 3.6 2
CRSMEX233 16.34 -98.254 10.2 4.1 3
CRSMEX234 16.32 -99.290 13.6 4.0 2
CRSMEX235 18.02 -103.455 3.0 3.5 2
CRSMEX236 16.15 -98.093 8.0 3.6 2
CRSMEX237 16.04 -98.570 15.7 3.5 2
CRSMEX238 16.52 -98.585 11.5 3.4 2
CRSMEX239 15.97 -98.342 7.9 3.7 5
CRSMEX240 15.97 -98.155 5.0 3.5 2
CRSMEX241 16.00 -98.320 7.5 3.7 2
CRSMEX242 15.87 -98.307 2.6 4.1 3
CRSMEX243 15.98 -98.450 6.0 3.6 2
CRSMEX244 16.28 -98.235 9.0 3.5 2
CRSMEX245 16.05 -98.370 4.0 3.7 2
CRSMEX246 16.54 -98.530 22.0 3.6 2
CRSMEX247 18.17 -103.350 12.6 3.4 2
CRSMEX248 16.02 -98.674 21.6 3.6 3
CRSMEX249 16.02 -98.674 21.6 3.6 2
CRSMEX250 16.00 -98.675 15.9 3.7 2
CRSMEX251 16.24 -98.045 4.5 3.6 2
CRSMEX252 16.02 -98.655 15.6 3.9 2
CRSMEX253 16.06 -98.425 7.3 3.5 7
CRSMEX254 16.06 -98.615 11.2 4.0 2
CRSMEX255 15.89 -98.657 12.5 3.4 3
CRSMEX256 16.05 -97.654 8.8 3.5 2
CRSMEX257 15.84 -98.667 12.4 3.7 3
CRSMEX258 16.03 -98.664 13.0 3.8 5
CRSMEX259 15.74 -98.160 15.5 3.8 2
CRSMEX260 16.09 -99.210 11.5 4.0 2
CRSMEX261 16.29 -98.095 12.0 3.9 3
CRSMEX262 15.96 -98.420 8.0 3.3 2
CRSMEX263 15.97 -98.250 8.0 3.8 2
CRSMEX264 16.11 -98.614 3.8 3.8 2
CRSMEX265 16.03 -98.397 8.4 3.9 3
CRSMEX266 16.36 -98.230 23.5 3.2 2
CRSMEX267 16.30 -98.300 8.0 3.5 2
CRSMEX268 15.96 -98.355 9.0 3.8 2
CRSMEX269 17.64 -100.600 48.8 3.5 2
CRSMEX270 16.33 -97.880 12.5 3.6 2
CRSMEX271 15.99 -98.815 15.9 3.8 2
CRSMEX272 16.00 -98.355 4.5 3.7 2
CRSMEX273 15.86 -98.755 14.5 3.9 4
CRSMEX274 16.10 -99.205 24.0 4.0 2
CRSMEX275 16.28 -98.065 8.7 3.5 2
CRSMEX276 15.95 -98.262 7.7 3.6 2
CRSMEX277 15.95 -98.262 7.7 3.6 2
CRSMEX278 15.95 -98.262 7.7 3.6 2
CRSMEX279 16.05 -98.320 5.5 3.6 2
CRSMEX280 15.99 -98.357 3.3 3.9 3
CRSMEX281 16.05 -98.430 6.0 3.4 5
CRSMEX282 15.95 -98.111 6.1 3.7 3
CRSMEX283 15.95 -98.111 6.1 3.7 3
CRSMEX284 16.20 -98.110 5.0 3.8 2
CRSMEX285 16.05 -98.375 2.5 3.5 2
CRSMEX286 17.02 -100.320 14.6 3.5 2
CRSMEX287 16.01 -98.650 16.1 3.9 2
CRSMEX288 15.93 -98.445 8.5 3.8 2
CRSMEX289 16.00 -98.407 5.0 3.6 2
CRSMEX290 16.02 -98.665 9.2 3.8 2
CRSMEX291 16.05 -98.370 5.5 3.6 4
CRSMEX292 15.99 -98.382 6.4 3.8 3
CRSMEX293 18.24 -103.355 3.5 3.8 2
CRSMEX294 16.31 -98.270 11.2 3.2 2
CRSMEX295 16.06 -98.866 14.0 3.8 5
CRSMEX296 15.98 -98.305 7.5 3.8 2
CRSMEX297 15.89 -98.782 13.9 3.7 4
CRSMEX298 16.07 -98.324 11.5 3.9 2
CRSMEX299 16.50 -98.590 11.4 3.6 3
CRSMEX300 16.00 -98.530 6.8 4.0 2
CRSMEX301 15.88 -98.795 7.4 3.6 2
CRSMEX302 16.08 -98.346 4.8 3.6 3
CRSMEX303 16.08 -98.346 4.8 3.6 3
CRSMEX304 18.14 -103.385 6.2 3.6 2
CRSMEX305 15.94 -98.740 9.2 3.7 2
CRSMEX306 15.88 -97.195 10.9 3.8 2
CRSMEX307 15.97 -98.040 4.5 3.6 2
CRSMEX308 15.96 -98.645 17.1 3.9 2
CRSMEX309 16.77 -100.600 7.5 3.6 2
CRSMEX310 16.30 -99.402 9.4 3.9 3
CRSMEX311 16.04 -97.657 21.8 3.4 2
CRSMEX312 16.04 -97.657 21.8 3.4 2
CRSMEX313 16.20 -99.675 9.4 3.8 2
CRSMEX314 16.06 -98.454 7.0 3.4 5
CRSMEX315 16.36 -98.250 16.6 3.7 3
CRSMEX316 16.30 -98.243 12.5 3.5 3
CRSMEX317 15.96 -98.460 11.1 3.8 2
CRSMEX318 16.55 -98.447 11.1 3.6 4
CRSMEX319 15.99 -98.616 11.8 4.1 3
CRSMEX320 16.10 -98.600 11.2 3.6 3
CRSMEX321 16.10 -98.600 11.2 3.6 2
CRSMEX322 15.69 -98.445 33.7 3.6 2
CRSMEX323 16.09 -98.595 10.6 3.8 2
CRSMEX324 15.97 -98.582 10.0 3.7 3
CRSMEX325 16.98 -100.510 5.0 3.6 2
CRSMEX326 16.28 -97.917 8.6 3.5 6
CRSMEX327 16.03 -98.620 12.4 3.5 2
CRSMEX328 16.27 -98.210 10.4 3.2 2
CRSMEX329 18.21 -103.260 4.4 3.4 2
CRSMEX330 16.31 -98.210 13.3 3.6 2
CRSMEX331 16.07 -97.600 20.6 3.4 2
CRSMEX332 16.01 -97.589 17.6 3.7 3
CRSMEX333 16.91 -100.210 1.6 3.5 2
CRSMEX334 15.94 -98.410 9.3 4.0 2
CRSMEX335 16.23 -97.850 9.5 3.8 2
CRSMEX336 16.29 -98.245 7.2 3.7 2
CRSMEX337 17.39 -101.285 12.1 3.7 2
CRSMEX338 16.36 -98.305 7.1 3.3 2
CRSMEX339 17.28 -101.480 9.2 3.7 2
CRSMEX340 17.32 -101.235 14.5 4.0 2
CRSMEX341 16.03 -98.981 12.6 3.8 5
CRSMEX342 16.28 -98.240 11.7 3.4 2
CRSMEX343 15.92 -98.325 7.5 3.4 2
CRSMEX344 16.06 -98.420 7.9 3.6 6
CRSMEX345 16.05 -98.375 4.0 3.6 2
CRSMEX346 16.50 -98.495 18.8 3.5 3
CRSMEX347 18.25 -103.310 11.9 3.5 2
CRSMEX348 17.15 -101.423 11.0 3.8 5
CRSMEX349 17.18 -101.442 14.5 3.6 3
CRSMEX350 15.91 -98.670 5.0 3.8 2
CRSMEX351 18.14 -103.335 9.8 3.6 2
CRSMEX352 16.21 -97.225 19.9 3.4 2
CRSMEX353 16.29 -97.325 17.8 3.7 2
CRSMEX354 15.51 -96.835 12.7 3.9 2
CRSMEX355 17.39 -101.437 6.5 3.2 3
CRSMEX356 17.59 -101.515 8.0 3.6 2
CRSMEX357 17.42 -101.785 5.0 3.5 2
CRSMEX358 15.96 -96.985 35.8 3.5 2
CRSMEX359 16.25 -98.000 7.4 3.5 2
CRSMEX360 16.24 -98.021 14.4 3.4 3
CRSMEX361 16.24 -98.021 14.4 3.4 2
CRSMEX362 16.14 -98.800 16.5 3.5 2
CRSMEX363 16.23 -98.084 9.3 3.5 3
CRSMEX364 16.31 -98.040 13.4 3.4 2
CRSMEX365 17.62 -101.550 18.7 3.3 2
CRSMEX366 17.25 -101.325 14.0 3.7 2
CRSMEX367 16.38 -97.950 6.7 3.5 2
CRSMEX368 16.75 -99.915 14.2 3.3 2
CRSMEX369 16.75 -99.915 14.2 3.3 3
CRSMEX370 16.26 -98.125 10.7 3.1 2
CRSMEX371 16.16 -98.280 11.5 3.6 2
CRSMEX372 16.21 -98.335 8.3 3.5 2
CRSMEX373 16.16 -98.305 5.0 3.7 2
CRSMEX374 17.33 -101.277 7.9 3.6 4
CRSMEX375 16.28 -98.170 14.1 3.5 2
CRSMEX376 16.91 -100.383 7.4 3.6 3
CRSMEX377 16.33 -98.230 13.5 3.5 2
CRSMEX378 17.32 -101.552 13.8 3.4 2
CRSMEX379 15.94 -98.613 12.0 3.7 3
CRSMEX380 18.12 -103.391 8.0 3.6 5
CRSMEX381 18.12 -103.391 8.0 3.6 3
CRSMEX382 15.94 -97.150 14.5 3.3 2
CRSMEX383 16.27 -97.930 10.4 3.5 2
CRSMEX384 16.29 -97.909 7.7 3.5 2
CRSMEX385 16.29 -97.909 7.7 3.5 2
CRSMEX386 16.32 -97.950 15.0 3.5 2
CRSMEX387 16.27 -98.225 12.3 3.4 2
CRSMEX388 15.93 -98.555 9.6 3.6 2
CRSMEX389 16.00 -97.675 15.6 3.7 2
CRSMEX390 16.00 -97.675 15.6 3.7 4
CRSMEX391 16.11 -98.790 16.1 3.7 2
CRSMEX392 17.15 -101.375 19.1 3.9 2
CRSMEX393 16.04 -97.657 26.6 3.4 3
CRSMEX394 17.24 -101.565 10.0 3.5 2
CRSMEX395 16.33 -98.183 17.5 3.5 2
CRSMEX396 16.28 -98.095 14.5 3.3 2
CRSMEX397 16.11 -98.615 14.0 3.5 2
CRSMEX398 16.77 -99.510 13.1 3.5 2
CRSMEX399 16.04 -98.454 7.4 3.7 3
CRSMEX400 16.17 -99.125 11.7 3.8 2
CRSMEX401 16.34 -98.255 12.4 3.5 2
CRSMEX402 16.07 -98.329 9.8 3.9 3
CRSMEX403 16.30 -97.893 4.6 3.7 2
CRSMEX404 16.27 -98.000 23.8 3.5 4
CRSMEX405 16.28 -97.927 14.6 3.5 2
CRSMEX406 16.28 -97.927 14.6 3.5 2
CRSMEX407 16.30 -97.905 12.3 3.6 2
CRSMEX408 16.27 -97.895 11.0 3.5 2
CRSMEX409 16.29 -97.928 13.0 3.5 3
CRSMEX410 15.99 -97.690 23.7 3.5 2
CRSMEX411 16.27 -97.930 6.5 3.5 2
CRSMEX412 15.96 -98.365 8.0 3.5 2
CRSMEX413 16.05 -98.662 13.2 3.8 3
CRSMEX414 16.35 -98.260 11.1 3.7 2
CRSMEX415 16.27 -98.207 13.1 3.5 3
CRSMEX416 16.28 -98.083 9.0 3.4 3
CRSMEX417 16.26 -98.073 6.3 3.3 3
CRSMEX418 17.57 -101.683 8.7 3.5 3
CRSMEX419 16.27 -98.031 5.5 3.7 4
CRSMEX420 15.96 -98.140 3.7 3.8 3
CRSMEX421 16.25 -98.335 5.7 3.5 2
CRSMEX422 16.25 -98.093 8.1 3.4 7
CRSMEX423 16.25 -98.093 8.1 3.4 4
CRSMEX424 16.32 -98.065 16.6 3.2 4
CRSMEX425 16.33 -98.248 10.9 3.6 3
CRSMEX426 15.98 -98.700 17.0 3.6 4
CRSMEX427 16.23 -98.090 8.7 3.5 3
CRSMEX428 16.28 -98.120 12.6 3.6 8
CRSMEX429 16.32 -98.276 17.8 4.1 3
CRSMEX430 16.00 -98.468 13.3 3.5 3
CRSMEX431 16.48 -98.705 10.7 3.7 2
CRSMEX432 16.21 -98.056 4.3 3.6 3
CRSMEX433 16.26 -97.865 19.8 3.6 2
CRSMEX434 16.23 -97.835 7.5 3.4 2
CRSMEX435 16.27 -98.080 8.7 3.2 2
CRSMEX436 16.52 -98.465 16.4 3.5 2
CRSMEX437 16.28 -97.970 4.5 3.3 4
CRSMEX438 17.32 -101.280 10.4 3.5 2
CRSMEX439 16.02 -97.673 17.6 3.5 4
CRSMEX440 16.03 -98.979 12.0 3.8 4
CRSMEX441 16.25 -97.826 12.0 3.2 2
CRSMEX442 16.25 -97.826 12.0 3.2 2
CRSMEX443 16.23 -98.037 7.4 3.5 3
CRSMEX444 16.32 -98.250 14.4 3.4 2
CRSMEX445 15.93 -98.330 6.4 3.6 3
CRSMEX446 16.24 -98.032 4.5 3.5 3
CRSMEX447 15.82 -98.180 10.6 3.6 2
CRSMEX448 15.89 -98.783 15.4 3.8 4
CRSMEX449 16.93 -100.505 6.8 3.6 2
CRSMEX450 16.95 -100.505 7.0 3.5 2
CRSMEX451 15.98 -98.407 3.8 3.4 2
CRSMEX452 15.98 -98.720 15.7 3.7 3
CRSMEX453 16.25 -98.005 4.4 3.3 2
CRSMEX454 17.48 -101.320 12.9 3.5 2
CRSMEX455 15.93 -98.863 16.1 3.6 3
CRSMEX456 16.25 -97.985 4.9 3.4 2
CRSMEX457 16.09 -98.440 7.5 3.5 2
CRSMEX458 16.08 -98.453 5.0 3.5 3
CRSMEX459 16.02 -96.920 7.2 3.7 2
CRSMEX460 16.32 -98.265 9.1 3.3 2
CRSMEX461 16.45 -98.285 18.4 3.7 2
CRSMEX462 18.11 -103.364 9.4 3.6 5
CRSMEX463 16.34 -98.933 19.0 3.6 2
CRSMEX464 16.04 -98.285 9.0 3.3 2
CRSMEX465 16.05 -98.265 12.5 3.7 2
CRSMEX466 15.93 -98.424 11.2 3.5 6
CRSMEX467 16.26 -98.085 17.2 3.7 2
CRSMEX468 16.34 -97.955 17.6 3.4 2
CRSMEX469 16.31 -97.922 8.6 3.4 2
CRSMEX470 16.31 -97.922 8.6 3.4 2
CRSMEX471 16.25 -98.130 13.4 3.6 2
CRSMEX472 16.23 -98.015 21.8 3.5 2
CRSMEX473 16.98 -101.492 14.9 3.8 3
CRSMEX474 16.23 -97.995 4.7 3.5 2
CRSMEX475 16.83 -100.160 5.8 3.8 3
CRSMEX476 15.77 -96.885 6.1 3.3 2
CRSMEX477 16.27 -97.955 10.2 3.4 2
CRSMEX478 18.11 -103.355 7.8 3.6 2
CRSMEX479 16.27 -97.830 7.3 3.4 2
CRSMEX480 18.20 -103.525 10.6 3.6 2
CRSMEX481 16.52 -98.435 13.9 3.7 2
CRSMEX482 15.83 -98.725 15.0 3.5 2
CRSMEX483 15.98 -98.565 12.7 3.9 2
CRSMEX484 16.90 -100.263 12.8 3.7 3
CRSMEX485 16.77 -101.000 16.6 3.8 2
CRSMEX486 16.07 -98.348 6.0 3.7 3
CRSMEX487 16.02 -98.687 17.1 3.5 3
CRSMEX488 16.27 -97.990 8.4 3.8 2
CRSMEX489 16.36 -97.830 32.4 3.8 2
CRSMEX490 17.14 -101.560 16.6 3.8 2
CRSMEX491 16.18 -98.785 14.1 3.6 2
CRSMEX492 15.98 -98.112 6.0 3.6 3
CRSMEX493 16.53 -100.520 11.9 3.9 2
CRSMEX494 16.06 -97.660 24.2 3.5 2
CRSMEX495 16.19 -99.228 12.7 3.8 3
CRSMEX496 16.60 -99.080 18.6 3.7 3
CRSMEX497 16.60 -99.080 18.6 3.7 2
CRSMEX498 16.52 -99.091 17.8 3.4 2
CRSMEX499 16.52 -99.091 17.8 3.4 2
CRSMEX500 16.52 -99.091 17.8 3.4 3
CRSMEX501 16.31 -98.575 17.9 4.0 2
CRSMEX502 16.36 -98.310 11.9 3.2 2
CRSMEX503 15.98 -98.200 7.1 3.6 2
CRSMEX504 15.96 -98.695 13.6 3.6 2
CRSMEX505 16.81 -99.355 6.0 3.8 2
CRSMEX506 16.08 -98.158 5.0 3.6 2
CRSMEX507 16.04 -97.580 17.9 3.7 2
CRSMEX508 16.75 -99.845 4.5 3.7 2
CRSMEX509 16.24 -98.035 10.0 3.7 2
CRSMEX510 18.13 -103.445 5.0 3.6 2
CRSMEX511 15.91 -98.360 12.9 3.8 3
CRSMEX512 15.84 -98.320 9.3 3.5 2
CRSMEX513 16.20 -98.080 5.7 3.5 2
CRSMEX514 18.07 -103.350 7.5 3.2 2
CRSMEX515 16.55 -98.485 24.4 3.6 2
CRSMEX516 18.16 -103.360 12.4 3.7 2
CRSMEX517 16.24 -98.060 4.7 3.3 2
CRSMEX518 16.36 -98.232 17.6 3.6 2
CRSMEX519 16.28 -98.060 8.6 3.5 2
CRSMEX520 16.37 -97.987 13.6 3.5 3
CRSMEX521 16.03 -97.656 12.6 3.6 2
CRSMEX522 16.08 -98.433 8.5 3.4 3
CRSMEX523 16.03 -98.359 4.8 3.5 5
CRSMEX524 16.28 -98.123 14.0 3.6 3
CRSMEX525 16.28 -98.100 12.6 3.8 3
CRSMEX526 16.04 -97.265 27.4 3.5 2
CRSMEX527 16.29 -98.263 9.9 3.6 3
CRSMEX528 15.96 -98.682 14.8 3.5 3
CRSMEX529 16.00 -97.676 15.6 3.7 3
CRSMEX530 16.00 -97.676 15.6 3.7 2
CRSMEX531 15.99 -98.705 8.1 3.7 2
CRSMEX532 15.90 -98.407 5.8 3.5 3
CRSMEX533 15.84 -98.325 11.5 3.5 2
CRSMEX534 16.25 -98.030 20.8 3.4 2
CRSMEX535 16.29 -97.805 3.4 3.9 2
CRSMEX536 16.31 -98.265 10.7 3.8 2
CRSMEX537 15.92 -98.460 8.3 3.4 2
CRSMEX538 16.11 -98.270 2.8 3.7 2
CRSMEX539 16.00 -97.680 29.5 3.5 2
CRSMEX540 16.33 -98.115 23.4 3.4 2
CRSMEX541 15.93 -98.327 6.4 3.6 3
CRSMEX542 16.01 -98.257 8.8 3.6 3
CRSMEX543 15.94 -98.240 6.8 3.6 2
CRSMEX544 16.35 -97.890 16.0 3.4 2
CRSMEX545 16.32 -97.855 10.7 3.4 2
CRSMEX546 16.38 -97.850 2.0 3.5 2
CRSMEX547 16.34 -97.907 22.5 3.6 3
CRSMEX548 15.71 -97.435 10.5 3.8 2
CRSMEX549 16.07 -97.600 32.5 3.3 2
CRSMEX550 16.34 -97.840 10.1 3.5 2
CRSMEX551 16.12 -98.647 15.6 3.3 3
CRSMEX552 16.02 -97.663 22.3 3.4 2
CRSMEX553 16.50 -100.130 24.8 3.8 2
CRSMEX554 18.18 -103.425 14.9 3.5 2
CRSMEX555 18.16 -103.440 13.2 3.3 2
CRSMEX556 18.13 -103.265 8.4 3.5 2
CRSMEX557 18.27 -103.465 6.5 3.7 2
CRSMEX558 16.96 -100.110 8.8 3.6 2
CRSMEX559 16.84 -97.650 10.6 3.2 2
CRSMEX560 16.36 -98.095 13.5 3.5 2
CRSMEX561 16.36 -98.435 5.2 3.2 2
CRSMEX562 18.18 -103.475 4.4 3.6 2
CRSMEX563 16.04 -97.650 34.2 3.3 2
CRSMEX564 16.50 -98.273 25.4 3.3 2
CRSMEX565 17.02 -98.045 9.0 3.3 2
CRSMEX566 16.05 -97.656 25.2 3.3 3
CRSMEX567 16.36 -97.850 6.6 3.2 2
CRSMEX568 15.94 -98.890 16.4 3.6 2
CRSMEX569 16.55 -98.720 33.6 3.3 2
CRSMEX570 16.80 -97.520 14.4 3.3 4
CRSMEX571 15.82 -98.305 13.0 3.6 2
CRSMEX572 16.80 -97.527 14.2 3.4 3
CRSMEX573 16.29 -98.015 3.1 3.5 2
CRSMEX574 16.14 -97.825 24.9 3.3 2
CRSMEX575 16.27 -98.100 12.4 3.6 2
CRSMEX576 16.02 -97.100 24.8 3.5 2
CRSMEX577 16.15 -98.673 15.8 3.5 3
CRSMEX578 16.27 -98.083 8.0 3.6 3
CRSMEX579 15.91 -98.890 16.6 3.8 2
CRSMEX580 16.39 -98.195 14.9 3.5 2
CRSMEX581 16.24 -97.985 9.9 3.4 2
CRSMEX582 16.30 -97.960 8.1 4.2 2
CRSMEX583 15.90 -98.310 7.2 3.7 2
CRSMEX584 17.02 -100.490 5.9 4.1 2
CRSMEX585 16.14 -98.680 16.2 3.5 2
CRSMEX586 18.06 -101.805 23.5 4.0 2
CRSMEX587 16.11 -97.805 11.8 3.5 2
CRSMEX588 16.27 -98.100 12.1 3.6 2
CRSMEX589 16.01 -98.440 10.9 3.9 2
CRSMEX590 15.98 -98.418 9.6 3.8 2
CRSMEX591 16.36 -98.235 14.6 3.5 2
CRSMEX592 16.98 -100.490 11.9 3.5 2
CRSMEX593 16.34 -98.215 13.6 3.7 2
CRSMEX594 16.27 -98.045 19.2 3.3 2
CRSMEX595 16.29 -98.240 13.1 3.6 2
CRSMEX596 16.36 -97.935 5.8 3.6 2
CRSMEX597 16.27 -98.080 8.0 3.7 2
CRSMEX598 18.13 -103.375 9.9 3.8 2
CRSMEX599 16.23 -98.080 13.5 3.4 2
CRSMEX600 16.12 -98.670 11.9 3.4 2
CRSMEX601 16.14 -97.595 21.7 3.3 2
CRSMEX602 16.24 -98.040 5.3 3.4 2
CRSMEX603 18.20 -103.433 12.6 3.5 3
CRSMEX604 16.02 -97.615 16.1 3.5 2
CRSMEX605 16.02 -97.100 24.8 3.5 2
CRSMEX606 16.32 -98.260 7.5 3.2 2
CRSMEX607 16.27 -98.355 4.8 3.5 2
CRSMEX608 16.25 -98.355 4.5 3.8 2
CRSMEX609 16.48 -98.860 20.7 3.4 2
CRSMEX610 16.11 -98.395 5.5 3.9 2
CRSMEX611 16.38 -98.250 14.8 3.8 2
CRSMEX612 16.50 -98.505 12.8 3.5 2
CRSMEX613 15.97 -97.660 15.9 3.5 2
CRSMEX614 16.07 -99.060 7.5 3.5 2
CRSMEX615 16.01 -97.690 16.3 3.6 2
CRSMEX616 16.27 -98.095 14.5 3.9 2
CRSMEX617 16.32 -98.290 9.4 3.5 2
CRSMEX618 16.18 -97.545 23.1 3.3 2
CRSMEX619 17.33 -101.267 7.8 3.7 2
CRSMEX620 16.32 -98.325 10.3 3.6 2
CRSMEX621 16.43 -98.430 5.2 3.4 2
CRSMEX622 16.29 -97.955 16.1 3.4 2
CRSMEX623 16.27 -98.085 9.5 3.5 2
CRSMEX624 16.37 -98.265 11.0 3.6 2
CRSMEX625 15.93 -98.710 15.2 3.7 2
CRSMEX626 15.74 -97.033 19.0 3.5 2
CRSMEX627 16.30 -97.975 4.8 3.8 2
CRSMEX628 16.27 -97.980 6.2 3.5 2
CRSMEX629 16.05 -97.915 16.1 3.5 2
CRSMEX630 16.37 -98.255 14.3 3.8 2
CRSMEX631 16.29 -97.980 5.0 3.6 2
CRSMEX632 15.56 -97.353 14.4 3.7 2
CRSMEX633 15.87 -98.792 16.2 3.9 2
CRSMEX634 16.02 -98.666 16.0 4.1 2
CRSMEX635 15.80 -97.100 3.6 3.8 2
CRSMEX636 16.51 -98.507 15.0 3.6 2
CRSMEX637 15.97 -98.410 6.3 3.5 2
CRSMEX638 16.28 -98.060 8.7 3.5 2
CRSMEX639 16.32 -98.265 12.8 3.4 2
CRSMEX640 16.47 -99.134 9.8 4.1 2
CRSMEX641 16.51 -99.548 7.5 3.8 2
CRSMEX642 16.49 -98.495 22.9 3.6 2
CRSMEX643 18.09 -103.325 9.8 3.8 2
CRSMEX644 15.98 -98.275 5.0 3.6 2
CRSMEX645 16.45 -99.540 8.6 4.2 2
CRSMEX646 16.29 -97.805 4.9 3.5 2
CRSMEX647 16.27 -97.875 22.4 3.2 2
CRSMEX648 16.57 -98.510 18.4 3.5 2
CRSMEX649 16.07 -97.590 22.9 3.3 2
CRSMEX650 16.48 -98.480 28.5 3.5 2
CRSMEX651 16.82 -100.080 17.8 3.6 2
CRSMEX652 16.34 -97.980 21.9 3.6 2
CRSMEX653 15.92 -98.815 16.9 3.6 2
CRSMEX654 16.16 -97.590 24.8 3.4 2
CRSMEX655 16.36 -98.240 5.4 3.5 2
CRSMEX656 16.25 -98.020 5.9 3.2 2
CRSMEX657 16.23 -98.020 5.0 3.2 2
CRSMEX658 16.23 -97.540 17.0 3.4 3
CRSMEX659 16.25 -98.040 5.8 3.6 2
CRSMEX660 16.27 -98.245 11.2 3.6 2
CRSMEX661 18.14 -103.315 11.4 3.5 2
CRSMEX662 16.30 -97.985 8.2 4.0 2
CRSMEX663 15.80 -98.415 13.9 3.5 2
CRSMEX664 15.90 -98.175 13.2 3.9 2
CRSMEX665 15.97 -98.120 6.7 3.7 2
CRSMEX666 15.93 -98.100 39.8 3.8 2
CRSMEX667 15.93 -98.475 15.9 3.6 2
CRSMEX668 16.66 -99.650 10.5 3.8 2
CRSMEX669 16.02 -97.665 23.5 3.4 2
CRSMEX670 16.04 -97.660 28.6 3.5 2
CRSMEX671 16.08 -97.505 18.4 3.5 2
CRSMEX672 16.05 -98.400 10.3 3.9 2
CRSMEX673 16.20 -98.570 7.5 3.4 2
CRSMEX674 16.37 -97.850 4.5 3.4 2
CRSMEX675 15.96 -98.340 4.4 3.5 2
CRSMEX676 16.24 -98.030 4.6 3.5 2
CRSMEX677 16.28 -97.915 7.7 3.6 2
CRSMEX678 16.01 -98.403 5.7 3.8 2
CRSMEX679 16.34 -98.200 5.0 3.2 2
CRSMEX680 16.14 -98.487 8.4 3.5 2
CRSMEX681 16.34 -98.225 3.0 3.5 2
CRSMEX682 16.19 -97.525 17.8 3.3 2
CRSMEX683 16.22 -98.045 8.1 3.6 2
CRSMEX684 16.04 -98.445 10.2 3.7 2
CRSMEX685 16.39 -97.975 7.6 3.7 2
CRSMEX686 15.87 -98.045 9.8 3.6 2
CRSMEX687 16.20 -98.765 18.0 3.6 2
CRSMEX688 17.32 -101.265 15.9 3.7 2
CRSMEX689 16.24 -98.050 5.2 3.4 2
CRSMEX690 16.08 -98.333 5.5 3.5 2
CRSMEX691 16.03 -98.355 13.1 3.8 2
CRSMEX692 16.57 -98.465 11.0 3.4 2
CRSMEX693 16.36 -98.225 21.7 3.8 2
CRSMEX694 16.85 -97.677 8.5 3.4 3
CRSMEX695 15.93 -98.700 15.6 3.8 2
CRSMEX696 16.03 -98.350 5.0 3.6 2
CRSMEX697 15.96 -98.380 10.6 3.8 2
CRSMEX698 18.09 -103.390 7.7 3.5 2
CRSMEX699 16.82 -99.200 12.9 3.5 2
CRSMEX700 17.07 -100.645 4.2 3.6 2
CRSMEX701 17.27 -101.175 28.9 3.4 2
CRSMEX702 16.32 -98.195 12.2 3.9 2
CRSMEX703 16.86 -100.430 5.3 3.6 2
CRSMEX704 16.79 -100.390 15.8 3.8 2
CRSMEX705 16.05 -97.560 24.2 3.4 2
CRSMEX706 16.95 -101.535 14.2 3.9 2
CRSMEX707 16.29 -98.260 7.7 3.6 2
CRSMEX708 15.97 -98.210 5.0 3.5 2
CRSMEX709 18.13 -103.317 7.5 3.7 3
CRSMEX710 18.13 -103.372 10.4 3.6 3
CRSMEX711 18.11 -103.365 10.6 3.4 2
CRSMEX712 18.12 -103.325 12.3 3.4 2
CRSMEX713 18.11 -103.370 7.8 3.4 2
CRSMEX714 17.11 -100.755 12.5 3.6 2
CRSMEX715 16.07 -97.670 13.5 3.5 2
CRSMEX716 18.14 -103.410 8.8 3.6 2
CRSMEX717 16.06 -97.655 7.0 3.5 2
CRSMEX718 16.26 -98.115 12.7 3.7 4
CRSMEX719 15.92 -98.380 9.1 3.7 2
CRSMEX720 15.85 -97.260 20.9 3.5 2
CRSMEX721 16.26 -98.105 5.1 3.8 2
CRSMEX722 18.12 -103.360 7.7 3.7 2
CRSMEX723 16.31 -98.240 12.8 3.5 2
CRSMEX724 18.26 -103.420 7.5 3.7 2
CRSMEX725 16.28 -98.115 12.5 3.5 2
CRSMEX726 15.86 -97.215 12.1 3.5 2
CRSMEX727 15.98 -96.950 17.6 3.4 2
CRSMEX728 16.73 -100.125 7.8 3.9 2
CRSMEX729 16.02 -98.690 18.4 4.1 2
CRSMEX730 18.36 -101.875 16.0 3.6 2
CRSMEX731 18.12 -103.373 13.8 3.4 2
CRSMEX732 16.06 -98.510 8.2 3.7 2
CRSMEX733 17.05 -101.490 15.5 4.0 2
CRSMEX734 16.39 -100.955 9.2 4.5 2
CRSMEX735 16.02 -98.625 9.8 3.6 2
CRSMEX736 15.98 -98.745 10.1 3.8 2
CRSMEX737 16.18 -97.550 25.8 3.2 2
CRSMEX738 16.04 -97.670 31.1 3.5 2
CRSMEX739 16.43 -95.365 94.6 4.2 2
CRSMEX740 16.39 -95.163 82.2 4.1 3
CRSMEX741 16.84 -100.055 3.6 3.5 2
CRSMEX742 16.02 -97.670 17.1 3.7 2
CRSMEX743 15.96 -98.635 13.1 3.6 2
CRSMEX744 16.54 -98.530 24.6 3.4 2
CRSMEX745 16.32 -98.990 17.1 3.8 2
CRSMEX746 15.89 -98.410 3.7 3.5 2
CRSMEX747 15.99 -98.490 5.5 3.5 2
CRSMEX748 17.16 -100.960 13.0 3.8 2
CRSMEX749 16.29 -97.843 14.6 3.3 2
CRSMEX750 16.50 -98.160 30.4 3.4 2
CRSMEX751 16.35 -98.255 9.8 3.5 2
CRSMEX752 15.83 -98.475 11.5 3.9 2
CRSMEX753 17.50 -101.480 6.3 3.7 2
CRSMEX754 16.32 -97.920 4.0 3.2 2
CRSMEX755 16.02 -98.620 16.9 4.1 2
CRSMEX756 16.09 -98.425 5.0 3.6 2
CRSMEX757 16.23 -98.355 4.5 3.5 2
CRSMEX758 16.09 -98.890 14.5 3.6 2
CRSMEX759 16.29 -98.195 13.1 3.8 2
CRSMEX760 16.21 -98.135 7.9 3.5 2
CRSMEX761 16.48 -98.470 6.5 3.5 2
CRSMEX762 16.27 -97.850 15.0 3.5 3
CRSMEX763 15.83 -98.790 16.0 3.9 2
CRSMEX764 16.04 -97.655 22.1 3.5 2
CRSMEX765 16.01 -98.390 6.1 3.7 2
CRSMEX766 16.27 -98.250 9.8 3.5 2
CRSMEX767 15.96 -98.505 13.1 3.5 2
CRSMEX768 15.99 -98.500 11.0 3.2 2
CRSMEX769 18.11 -103.310 8.2 3.4 2
CRSMEX770 16.00 -98.275 6.8 3.2 2
CRSMEX771 16.89 -100.375 6.8 3.6 2
CRSMEX772 15.95 -98.800 14.6 4.0 2
CRSMEX773 16.20 -95.620 35.2 3.9 2
CRSMEX774 16.62 -98.950 22.6 3.5 2
CRSMEX775 15.65 -97.365 10.0 3.8 2
CRSMEX776 15.57 -97.390 16.8 3.9 2
CRSMEX777 16.18 -98.050 18.0 3.5 2
CRSMEX778 16.29 -98.225 12.5 3.6 2
CRSMEX779 16.30 -97.830 7.5 3.3 2
CRSMEX780 16.27 -98.125 12.2 3.6 2
CRSMEX781 16.33 -98.265 7.1 3.5 2
CRSMEX782 16.03 -97.580 18.3 3.7 2
CRSMEX783 15.94 -98.870 13.2 3.7 2
CRSMEX784 16.26 -98.100 11.8 3.4 2
CRSMEX785 16.96 -100.530 8.4 3.9 2
CRSMEX786 16.58 -100.408 5.0 3.8 2
CRSMEX787 16.96 -100.520 6.7 3.5 2
CRSMEX788 18.15 -103.345 7.1 3.6 2
CRSMEX789 16.04 -98.365 6.4 3.5 2
CRSMEX790 16.12 -98.405 2.2 3.5 2
CRSMEX791 15.88 -97.203 11.2 3.8 2
CRSMEX792 16.73 -99.915 4.3 4.0 2
CRSMEX793 16.82 -100.150 5.0 3.9 2
CRSMEX794 16.12 -97.205 30.7 3.7 2
CRSMEX795 18.14 -103.365 6.6 3.5 2
CRSMEX796 16.06 -98.480 11.1 3.7 2
CRSMEX797 16.07 -97.170 19.2 3.5 2
CRSMEX798 16.31 -98.000 9.1 3.5 2
CRSMEX799 15.98 -98.383 6.0 3.6 2
CRSMEX800 16.28 -98.094 11.2 4.1 2
CRSMEX801 15.99 -98.855 14.5 4.0 2
CRSMEX802 16.25 -98.100 7.8 3.5 2
CRSMEX803 16.25 -98.100 7.8 3.5 3
CRSMEX804 16.19 -97.280 30.5 3.5 2
CRSMEX805 16.30 -98.065 17.0 3.3 2
CRSMEX806 16.89 -100.260 9.0 3.9 2
CRSMEX807 16.09 -97.685 15.2 3.5 2
CRSMEX808 16.02 -98.650 17.1 3.7 2
CRSMEX809 16.08 -98.465 9.0 3.6 2
CRSMEX810 16.07 -98.690 15.6 3.3 2
CRSMEX811 15.69 -97.370 5.0 3.6 2
CRSMEX812 16.11 -97.530 22.0 3.7 2
CRSMEX813 16.18 -97.580 22.0 3.5 2
CRSMEX814 16.16 -98.390 5.0 3.5 2
CRSMEX815 17.14 -101.005 16.0 3.6 2
CRSMEX816 16.34 -97.980 15.5 3.5 2
CRSMEX817 16.00 -97.673 17.1 3.7 2
CRSMEX818 16.01 -98.634 11.8 3.8 2
CRSMEX819 16.27 -98.100 12.4 3.6 2
CRSMEX820 16.86 -100.275 5.0 3.7 2
CRSMEX821 16.38 -98.250 11.8 3.5 2
CRSMEX822 16.57 -98.430 7.0 3.6 2
CRSMEX823 15.74 -98.250 15.5 3.5 2
CRSMEX824 16.05 -98.922 16.1 3.8 2
CRSMEX825 16.05 -97.655 23.8 3.3 2
CRSMEX826 15.85 -98.443 12.4 3.6 2
CRSMEX827 16.84 -100.085 12.0 3.6 2
CRSMEX828 16.04 -97.655 12.1 3.6 2
CRSMEX829 16.30 -97.850 10.5 3.5 2
CRSMEX830 17.23 -95.980 33.0 3.9 2
CRSMEX831 16.22 -97.280 22.0 3.8 2
CRSMEX832 16.84 -100.310 7.5 3.6 2
CRSMEX833 15.94 -97.175 13.6 3.5 2
CRSMEX834 16.02 -98.370 7.6 3.7 2
CRSMEX835 16.29 -98.093 12.0 3.6 3
CRSMEX836 16.27 -97.785 5.5 3.1 2
CRSMEX837 16.11 -97.750 19.0 3.9 2
CRSMEX838 16.32 -98.040 10.5 3.3 2
CRSMEX839 16.36 -98.070 15.5 3.5 2
CRSMEX840 16.27 -98.035 8.0 3.6 2
CRSMEX841 15.98 -98.045 7.5 3.6 2
CRSMEX842 16.21 -98.075 4.5 3.1 2
CRSMEX843 16.25 -98.053 9.3 3.5 3
CRSMEX844 16.20 -98.107 4.3 3.4 3
CRSMEX845 15.87 -98.043 15.0 3.6 2
CRSMEX846 15.71 -98.385 15.5 3.7 2
CRSMEX847 16.33 -97.723 20.3 3.4 2
CRSMEX848 15.94 -98.050 11.5 3.2 2
CRSMEX849 16.20 -98.076 7.4 3.4 2
CRSMEX850 16.20 -98.076 7.4 3.4 3
CRSMEX851 16.84 -100.130 5.0 3.9 2
CRSMEX852 16.25 -98.095 10.0 3.4 2
CRSMEX853 16.30 -97.915 2.5 3.7 2
CRSMEX854 16.16 -97.795 11.0 3.9 2
CRSMEX855 16.27 -98.050 8.5 3.4 2
CRSMEX856 16.38 -98.033 19.7 3.4 2
CRSMEX857 15.97 -98.400 5.0 4.0 2
CRSMEX858 16.29 -98.040 7.0 3.5 2
CRSMEX859 16.33 -98.076 17.0 3.5 5
CRSMEX860 15.97 -98.365 7.5 3.6 2
CRSMEX861 16.24 -98.050 7.5 3.6 2
CRSMEX862 16.21 -98.090 3.5 3.3 2
CRSMEX863 16.25 -98.095 11.8 3.6 2
CRSMEX864 16.32 -98.055 18.5 3.5 2
CRSMEX865 16.30 -98.005 4.5 3.7 2
CRSMEX866 16.21 -98.090 6.5 3.4 2
CRSMEX867 16.23 -97.907 10.0 3.3 3
CRSMEX868 15.68 -97.980 16.6 4.0 2
CRSMEX869 16.94 -100.230 20.5 3.8 2
CRSMEX870 16.11 -97.845 24.5 3.3 2
CRSMEX871 16.33 -97.893 9.0 3.6 3
CRSMEX872 16.25 -98.100 11.0 3.3 2
CRSMEX873 16.30 -97.990 4.5 3.5 2
CRSMEX874 15.86 -98.286 3.2 4.1 2
CRSMEX875 16.23 -98.080 5.5 3.5 2
CRSMEX876 16.22 -98.155 9.5 3.4 2
CRSMEX877 16.02 -98.920 15.6 4.0 2
CRSMEX878 16.25 -98.085 12.0 3.5 2
CRSMEX879 16.05 -97.975 4.5 3.5 2
CRSMEX880 16.29 -98.070 8.0 3.5 2
CRSMEX881 16.32 -97.855 4.0 3.1 2
CRSMEX882 16.23 -98.060 8.0 3.6 2
CRSMEX883 16.44 -97.875 8.5 3.3 2
CRSMEX884 16.25 -98.015 5.0 3.5 2
CRSMEX885 16.31 -97.848 10.2 3.5 3
CRSMEX886 16.14 -98.935 18.0 4.0 2
CRSMEX887 16.27 -98.020 6.5 3.7 2
CRSMEX888 16.21 -98.055 5.5 3.6 2
CRSMEX889 15.78 -97.125 10.0 3.9 2
CRSMEX890 16.30 -98.120 15.5 3.3 2
CRSMEX891 15.99 -98.385 3.5 3.4 2
CRSMEX892 16.25 -97.850 6.0 3.5 2
CRSMEX893 16.02 -97.970 5.0 3.9 2
CRSMEX894 16.41 -97.875 10.5 3.4 2
CRSMEX895 15.62 -97.705 20.0 4.5 2
CRSMEX896 16.27 -97.860 4.5 3.5 2
CRSMEX897 16.29 -98.150 13.0 3.4 2
CRSMEX898 16.30 -98.175 14.0 3.4 2
CRSMEX899 16.26 -98.275 12.7 3.5 2
CRSMEX900 16.29 -98.047 9.0 3.4 3
CRSMEX901 16.04 -97.655 23.9 3.5 2
CRSMEX902 15.70 -97.380 5.0 3.7 2
CRSMEX903 16.28 -98.083 11.3 3.6 2
CRSMEX904 16.28 -98.083 11.3 3.6 3
CRSMEX905 16.25 -98.095 9.4 3.5 2
CRSMEX906 15.67 -97.885 10.5 3.8 2
CRSMEX907 16.41 -98.000 20.0 3.2 2
CRSMEX908 16.28 -97.883 6.7 3.5 3
CRSMEX909 16.45 -97.890 15.5 3.3 2
CRSMEX910 16.26 -97.865 4.5 3.5 2
CRSMEX911 15.96 -98.660 17.4 3.5 2
CRSMEX912 16.27 -98.070 7.0 3.5 2
CRSMEX913 15.97 -98.675 12.7 3.7 2
CRSMEX914 16.05 -98.695 16.1 3.6 2
CRSMEX915 15.96 -98.595 15.1 3.6 2
CRSMEX916 16.02 -98.695 16.1 3.6 2
CRSMEX917 16.43 -97.920 6.0 3.7 2
CRSMEX918 16.05 -97.187 27.4 3.6 2
CRSMEX919 18.64 -104.320 33.0 3.8 2
CRSMEX920 16.31 -98.105 15.0 3.6 2
CRSMEX921 16.00 -98.740 11.6 3.5 2
CRSMEX922 16.00 -98.715 15.4 3.6 2
CRSMEX923 16.26 -98.105 11.0 3.8 2
CRSMEX924 16.26 -98.055 10.0 3.4 2
CRSMEX925 16.34 -98.190 18.5 3.7 2
CRSMEX926 16.02 -97.800 20.0 3.4 2
CRSMEX927 16.32 -97.845 5.5 3.5 2
CRSMEX928 16.32 -97.875 7.5 3.5 2
CRSMEX929 16.29 -97.910 17.0 3.5 2
CRSMEX930 16.21 -98.090 3.5 3.7 2
CRSMEX931 15.97 -96.840 7.5 3.6 2
CRSMEX932 16.30 -98.015 7.0 3.4 2
CRSMEX933 16.30 -97.850 5.5 3.4 2
CRSMEX934 16.20 -97.480 35.0 3.5 2
CRSMEX935 16.32 -97.940 11.5 3.4 2
CRSMEX936 16.32 -97.850 10.7 3.6 2
CRSMEX937 16.28 -98.645 11.5 3.7 2
CRSMEX938 16.34 -97.900 3.5 3.4 2
CRSMEX939 16.27 -97.870 5.0 3.6 2
CRSMEX940 16.30 -98.047 10.7 3.4 2
CRSMEX941 16.37 -98.250 3.5 3.4 2
CRSMEX942 15.89 -98.370 12.2 3.8 2
CRSMEX943 16.30 -98.050 16.0 3.4 2
CRSMEX944 16.29 -97.995 5.0 3.5 2
CRSMEX945 16.25 -98.100 11.5 3.5 2
CRSMEX946 16.31 -97.922 8.5 3.6 3
CRSMEX947 16.24 -98.105 11.8 3.3 2
CRSMEX948 16.28 -97.905 28.5 3.4 2
CRSMEX949 16.97 -101.454 14.7 4.0 2
CRSMEX950 16.26 -98.060 7.5 3.5 2
CRSMEX951 16.19 -97.925 13.5 3.2 2
CRSMEX952 16.32 -98.045 8.5 3.6 2
CRSMEX953 16.30 -97.870 18.0 3.4 2
CRSMEX954 16.33 -97.914 8.6 3.4 3
CRSMEX955 16.30 -98.040 10.0 3.6 2
CRSMEX956 15.98 -98.052 3.2 3.6 2
CRSMEX957 16.35 -98.940 19.0 3.7 2
CRSMEX958 16.25 -98.070 8.7 3.2 2
CRSMEX959 16.17 -98.503 5.0 3.9 2
CRSMEX960 16.33 -97.927 9.3 3.5 3
CRSMEX961 16.21 -98.080 8.4 3.5 2
CRSMEX962 16.29 -97.855 5.0 3.3 2
CRSMEX963 16.33 -97.925 14.5 3.3 3
CRSMEX964 16.27 -98.045 9.5 3.5 2
CRSMEX965 16.03 -98.410 5.3 3.5 2
CRSMEX966 15.98 -98.420 10.6 3.8 2
CRSMEX967 15.90 -98.310 10.0 3.7 2
CRSMEX968 17.25 -100.780 40.0 3.8 2
CRSMEX969 16.28 -97.853 8.7 3.4 2
CRSMEX970 16.45 -97.915 4.0 3.7 2
CRSMEX971 16.30 -97.841 7.6 3.5 3
CRSMEX972 16.30 -97.841 7.6 3.5 2
CRSMEX973 16.86 -100.110 7.5 3.8 2
CRSMEX974 16.33 -98.283 19.0 4.1 2
CRSMEX975 18.14 -103.415 8.5 3.7 2
CRSMEX976 16.33 -97.960 17.5 3.3 2
CRSMEX977 16.04 -97.035 29.0 3.5 2
CRSMEX978 16.30 -97.850 8.6 3.6 3
CRSMEX979 16.31 -97.857 14.0 3.4 2
CRSMEX980 16.59 -98.650 10.0 3.4 2
CRSMEX981 16.30 -98.090 9.0 3.3 2
CRSMEX982 16.26 -98.050 12.0 3.4 2
CRSMEX983 16.05 -98.415 4.0 3.7 2
CRSMEX984 16.09 -98.420 3.5 3.4 2
CRSMEX985 16.25 -98.113 12.3 3.6 3
CRSMEX986 15.91 -98.695 16.5 3.5 2
CRSMEX987 16.30 -98.075 14.0 3.5 2
CRSMEX988 16.36 -98.295 9.4 3.5 2
CRSMEX989 16.30 -97.855 16.2 3.2 2
CRSMEX990 16.30 -97.855 16.2 3.2 2
CRSMEX991 16.01 -97.650 15.6 3.5 2
CRSMEX992 16.29 -98.095 10.4 3.4 2
CRSMEX993 17.21 -101.485 5.5 4.3 2
CRSMEX994 16.27 -98.100 12.5 3.5 2
CRSMEX995 16.28 -98.104 13.2 3.7 5
CRSMEX996 16.28 -98.107 13.3 3.7 3
CRSMEX997 16.25 -98.110 12.5 3.2 2
CRSMEX998 16.31 -97.907 4.0 3.5 3
CRSMEX999 16.29 -97.870 19.0 3.4 3
CRSMEX1000 16.21 -99.210 11.2 3.8 2
CRSMEX1001 16.24 -97.875 7.5 3.5 2
CRSMEX1002 15.99 -97.600 17.5 3.8 2
CRSMEX1003 15.89 -98.295 9.8 3.6 2
CRSMEX1004 15.94 -98.400 11.1 3.5 2
CRSMEX1005 16.30 -98.250 8.0 3.7 2
CRSMEX1006 16.02 -97.675 18.0 3.7 2
CRSMEX1007 17.40 -101.735 5.0 3.9 2
CRSMEX1008 16.25 -98.100 10.5 3.7 2
CRSMEX1009 16.30 -97.825 8.0 3.5 2
CRSMEX1010 16.30 -98.080 17.0 3.5 2
CRSMEX1011 16.01 -98.705 10.1 3.8 2
CRSMEX1012 15.88 -98.740 16.2 3.8 2
CRSMEX1013 16.00 -98.230 12.0 3.6 2
CRSMEX1014 16.27 -98.360 3.0 3.4 2
CRSMEX1015 16.27 -98.075 9.8 3.6 2
CRSMEX1016 16.27 -98.090 11.3 3.6 2
CRSMEX1017 16.32 -98.325 12.5 3.3 2
CRSMEX1018 15.99 -98.865 16.0 3.8 2
CRSMEX1019 16.24 -98.075 10.5 3.3 2
CRSMEX1020 16.00 -98.705 16.6 3.6 2
CRSMEX1021 16.30 -97.870 17.5 3.4 2
CRSMEX1022 16.31 -98.225 12.5 3.7 2
CRSMEX1023 16.00 -97.675 21.6 3.6 2
CRSMEX1024 16.35 -99.390 9.2 3.9 2
CRSMEX1025 15.95 -98.335 3.5 3.4 2
CRSMEX1026 16.00 -98.637 14.5 4.3 2
CRSMEX1027 15.90 -98.420 15.5 3.8 2
CRSMEX1028 16.34 -97.920 7.5 3.5 2
CRSMEX1029 16.02 -98.895 14.1 3.8 2
CRSMEX1030 16.31 -98.245 12.5 3.7 2
CRSMEX1031 16.30 -97.880 21.3 3.4 3
CRSMEX1032 16.02 -98.120 7.5 3.6 2
CRSMEX1033 16.20 -97.545 13.3 3.5 2
CRSMEX1034 16.20 -97.870 7.0 3.5 2
CRSMEX1035 16.11 -97.480 25.8 3.8 2
CRSMEX1036 15.96 -98.177 4.4 4.1 2
CRSMEX1037 15.95 -98.151 2.9 3.9 2
CRSMEX1038 16.18 -98.095 7.0 3.7 2
CRSMEX1039 16.27 -98.015 5.8 3.2 2
CRSMEX1040 16.25 -98.135 9.5 4.2 2
CRSMEX1041 17.01 -101.585 18.0 3.9 2
CRSMEX1042 16.27 -98.000 17.4 3.8 2
CRSMEX1043 15.94 -98.630 15.3 3.6 2
CRSMEX1044 16.29 -97.405 30.0 3.5 2
CRSMEX1045 16.00 -97.650 23.9 3.5 2
CRSMEX1046 16.22 -98.063 4.3 3.5 2
CRSMEX1047 16.25 -97.855 11.0 3.2 2
CRSMEX1048 16.10 -97.540 14.5 3.4 2
CRSMEX1049 15.93 -97.495 25.8 3.7 2
CRSMEX1050 16.02 -97.670 21.3 3.6 2
CRSMEX1051 17.14 -101.450 12.5 3.8 2
CRSMEX1052 16.05 -98.385 5.0 3.5 2
CRSMEX1053 16.29 -97.900 25.5 3.2 2
CRSMEX1054 16.09 -97.660 17.5 3.5 2
CRSMEX1055 16.29 -98.280 8.5 4.2 2
CRSMEX1056 16.27 -98.075 22.0 3.5 2
